Simulator report for Lab2_Adder_qsim
Mon Nov 01 20:26:14 2021
Quartus II 64-Bit Version 13.0.1 Build 232 06/12/2013 Service Pack 1 SJ Web Edition


---------------------
; Table of Contents ;
---------------------
  1. Legal Notice
  2. Simulator Summary
  3. Simulator Settings
  4. Simulation Waveforms
  5. Coverage Summary
  6. Complete 1/0-Value Coverage
  7. Missing 1-Value Coverage
  8. Missing 0-Value Coverage
  9. Simulator INI Usage
 10. Simulator Messages



----------------
; Legal Notice ;
----------------
Copyright (C) 1991-2013 Altera Corporation
Your use of Altera Corporation's design tools, logic functions 
and other software and tools, and its AMPP partner logic 
functions, and any output files from any of the foregoing 
(including device programming or simulation files), and any 
associated documentation or information are expressly subject 
to the terms and conditions of the Altera Program License 
Subscription Agreement, Altera MegaCore Function License 
Agreement, or other applicable license agreement, including, 
without limitation, that your use is for the sole purpose of 
programming logic devices manufactured by Altera and sold by 
Altera or its authorized distributors.  Please refer to the 
applicable agreement for further details.



+--------------------------------------------+
; Simulator Summary                          ;
+-----------------------------+--------------+
; Type                        ; Value        ;
+-----------------------------+--------------+
; Simulation Start Time       ; 0 ps         ;
; Simulation End Time         ; 1.0 us       ;
; Simulation Netlist Size     ; 98 nodes     ;
; Simulation Coverage         ;       0.00 % ;
; Total Number of Transitions ; 0            ;
; Simulation Breakpoints      ; 0            ;
; Family                      ; Cyclone III  ;
+-----------------------------+--------------+


+--------------------------------------------------------------------------------------------------------------------------------------------------------------------+
; Simulator Settings                                                                                                                                                 ;
+--------------------------------------------------------------------------------------------+-------------------------------------------------------+---------------+
; Option                                                                                     ; Setting                                               ; Default Value ;
+--------------------------------------------------------------------------------------------+-------------------------------------------------------+---------------+
; Simulation mode                                                                            ; Functional                                            ; Timing        ;
; Start time                                                                                 ; 0 ns                                                  ; 0 ns          ;
; Simulation results format                                                                  ; VWF                                                   ;               ;
; Vector input source                                                                        ; C:/Users/abila/CEG3155_Lab2_Adder/Waveformproduct.vwf ;               ;
; Add pins automatically to simulation output waveforms                                      ; On                                                    ; On            ;
; Check outputs                                                                              ; Off                                                   ; Off           ;
; Report simulation coverage                                                                 ; On                                                    ; On            ;
; Display complete 1/0 value coverage report                                                 ; On                                                    ; On            ;
; Display missing 1-value coverage report                                                    ; On                                                    ; On            ;
; Display missing 0-value coverage report                                                    ; On                                                    ; On            ;
; Detect setup and hold time violations                                                      ; Off                                                   ; Off           ;
; Detect glitches                                                                            ; Off                                                   ; Off           ;
; Disable timing delays in Timing Simulation                                                 ; Off                                                   ; Off           ;
; Generate Signal Activity File                                                              ; Off                                                   ; Off           ;
; Generate VCD File for PowerPlay Power Analyzer                                             ; Off                                                   ; Off           ;
; Group bus channels in simulation results                                                   ; Off                                                   ; Off           ;
; Preserve fewer signal transitions to reduce memory requirements                            ; On                                                    ; On            ;
; Trigger vector comparison with the specified mode                                          ; INPUT_EDGE                                            ; INPUT_EDGE    ;
; Disable setup and hold time violations detection in input registers of bi-directional pins ; Off                                                   ; Off           ;
; Overwrite Waveform Inputs With Simulation Outputs                                          ; Off                                                   ;               ;
; Perform Glitch Filtering in Timing Simulation                                              ; Auto                                                  ; Auto          ;
; Interconnect Delay Model Type                                                              ; Transport                                             ; Transport     ;
; Cell Delay Model Type                                                                      ; Transport                                             ; Transport     ;
+--------------------------------------------------------------------------------------------+-------------------------------------------------------+---------------+


+----------------------+
; Simulation Waveforms ;
+----------------------+
Waveform report data cannot be output to ASCII.
Please use Quartus II 64-Bit to view the waveform report data.


+--------------------------------------------------------------------+
; Coverage Summary                                                   ;
+-----------------------------------------------------+--------------+
; Type                                                ; Value        ;
+-----------------------------------------------------+--------------+
; Total coverage as a percentage                      ;       0.00 % ;
; Total nodes checked                                 ; 98           ;
; Total output ports checked                          ; 97           ;
; Total output ports with complete 1/0-value coverage ; 0            ;
; Total output ports with no 1/0-value coverage       ; 97           ;
; Total output ports with no 1-value coverage         ; 97           ;
; Total output ports with no 0-value coverage         ; 97           ;
+-----------------------------------------------------+--------------+


The following table displays output ports that toggle between 1 and 0 during simulation.
+-------------------------------------------------+
; Complete 1/0-Value Coverage                     ;
+-----------+------------------+------------------+
; Node Name ; Output Port Name ; Output Port Type ;
+-----------+------------------+------------------+


The following table displays output ports that do not toggle to 1 during simulation.
+----------------------------------------------------------------------------------------------------------------------------------------------------------------------------+
; Missing 1-Value Coverage                                                                                                                                                   ;
+----------------------------------------------------------------------------+----------------------------------------------------------------------------+------------------+
; Node Name                                                                  ; Output Port Name                                                           ; Output Port Type ;
+----------------------------------------------------------------------------+----------------------------------------------------------------------------+------------------+
; |fourBitMultiplier|i_A[0]                                                  ; |fourBitMultiplier|i_A[0]                                                  ; out              ;
; |fourBitMultiplier|i_A[1]                                                  ; |fourBitMultiplier|i_A[1]                                                  ; out              ;
; |fourBitMultiplier|i_A[2]                                                  ; |fourBitMultiplier|i_A[2]                                                  ; out              ;
; |fourBitMultiplier|i_A[3]                                                  ; |fourBitMultiplier|i_A[3]                                                  ; out              ;
; |fourBitMultiplier|i_B[0]                                                  ; |fourBitMultiplier|i_B[0]                                                  ; out              ;
; |fourBitMultiplier|i_B[1]                                                  ; |fourBitMultiplier|i_B[1]                                                  ; out              ;
; |fourBitMultiplier|i_B[2]                                                  ; |fourBitMultiplier|i_B[2]                                                  ; out              ;
; |fourBitMultiplier|i_B[3]                                                  ; |fourBitMultiplier|i_B[3]                                                  ; out              ;
; |fourBitMultiplier|o_product[0]                                            ; |fourBitMultiplier|o_product[0]                                            ; pin_out          ;
; |fourBitMultiplier|o_product[1]                                            ; |fourBitMultiplier|o_product[1]                                            ; pin_out          ;
; |fourBitMultiplier|o_product[2]                                            ; |fourBitMultiplier|o_product[2]                                            ; pin_out          ;
; |fourBitMultiplier|o_product[3]                                            ; |fourBitMultiplier|o_product[3]                                            ; pin_out          ;
; |fourBitMultiplier|o_product[4]                                            ; |fourBitMultiplier|o_product[4]                                            ; pin_out          ;
; |fourBitMultiplier|o_product[5]                                            ; |fourBitMultiplier|o_product[5]                                            ; pin_out          ;
; |fourBitMultiplier|o_product[6]                                            ; |fourBitMultiplier|o_product[6]                                            ; pin_out          ;
; |fourBitMultiplier|o_product[7]                                            ; |fourBitMultiplier|o_product[7]                                            ; pin_out          ;
; |fourBitMultiplier|o_cout                                                  ; |fourBitMultiplier|o_cout                                                  ; pin_out          ;
; |fourBitMultiplier|fourBitFullAdder:cell_7|oneBitFullAdder:cell_4|o_sum~0  ; |fourBitMultiplier|fourBitFullAdder:cell_7|oneBitFullAdder:cell_4|o_sum~0  ; out0             ;
; |fourBitMultiplier|fourBitFullAdder:cell_7|oneBitFullAdder:cell_4|o_sum    ; |fourBitMultiplier|fourBitFullAdder:cell_7|oneBitFullAdder:cell_4|o_sum    ; out0             ;
; |fourBitMultiplier|fourBitFullAdder:cell_7|oneBitFullAdder:cell_4|o_cout~0 ; |fourBitMultiplier|fourBitFullAdder:cell_7|oneBitFullAdder:cell_4|o_cout~0 ; out0             ;
; |fourBitMultiplier|fourBitFullAdder:cell_7|oneBitFullAdder:cell_4|o_cout~1 ; |fourBitMultiplier|fourBitFullAdder:cell_7|oneBitFullAdder:cell_4|o_cout~1 ; out0             ;
; |fourBitMultiplier|fourBitFullAdder:cell_7|oneBitFullAdder:cell_4|o_cout~2 ; |fourBitMultiplier|fourBitFullAdder:cell_7|oneBitFullAdder:cell_4|o_cout~2 ; out0             ;
; |fourBitMultiplier|fourBitFullAdder:cell_7|oneBitFullAdder:cell_4|o_cout~3 ; |fourBitMultiplier|fourBitFullAdder:cell_7|oneBitFullAdder:cell_4|o_cout~3 ; out0             ;
; |fourBitMultiplier|fourBitFullAdder:cell_7|oneBitFullAdder:cell_4|o_cout   ; |fourBitMultiplier|fourBitFullAdder:cell_7|oneBitFullAdder:cell_4|o_cout   ; out0             ;
; |fourBitMultiplier|fourBitFullAdder:cell_7|oneBitFullAdder:cell_3|o_sum~0  ; |fourBitMultiplier|fourBitFullAdder:cell_7|oneBitFullAdder:cell_3|o_sum~0  ; out0             ;
; |fourBitMultiplier|fourBitFullAdder:cell_7|oneBitFullAdder:cell_3|o_sum    ; |fourBitMultiplier|fourBitFullAdder:cell_7|oneBitFullAdder:cell_3|o_sum    ; out0             ;
; |fourBitMultiplier|fourBitFullAdder:cell_7|oneBitFullAdder:cell_3|o_cout~0 ; |fourBitMultiplier|fourBitFullAdder:cell_7|oneBitFullAdder:cell_3|o_cout~0 ; out0             ;
; |fourBitMultiplier|fourBitFullAdder:cell_7|oneBitFullAdder:cell_3|o_cout~1 ; |fourBitMultiplier|fourBitFullAdder:cell_7|oneBitFullAdder:cell_3|o_cout~1 ; out0             ;
; |fourBitMultiplier|fourBitFullAdder:cell_7|oneBitFullAdder:cell_3|o_cout~2 ; |fourBitMultiplier|fourBitFullAdder:cell_7|oneBitFullAdder:cell_3|o_cout~2 ; out0             ;
; |fourBitMultiplier|fourBitFullAdder:cell_7|oneBitFullAdder:cell_3|o_cout~3 ; |fourBitMultiplier|fourBitFullAdder:cell_7|oneBitFullAdder:cell_3|o_cout~3 ; out0             ;
; |fourBitMultiplier|fourBitFullAdder:cell_7|oneBitFullAdder:cell_3|o_cout   ; |fourBitMultiplier|fourBitFullAdder:cell_7|oneBitFullAdder:cell_3|o_cout   ; out0             ;
; |fourBitMultiplier|fourBitFullAdder:cell_7|oneBitFullAdder:cell_2|o_sum~0  ; |fourBitMultiplier|fourBitFullAdder:cell_7|oneBitFullAdder:cell_2|o_sum~0  ; out0             ;
; |fourBitMultiplier|fourBitFullAdder:cell_7|oneBitFullAdder:cell_2|o_sum    ; |fourBitMultiplier|fourBitFullAdder:cell_7|oneBitFullAdder:cell_2|o_sum    ; out0             ;
; |fourBitMultiplier|fourBitFullAdder:cell_7|oneBitFullAdder:cell_2|o_cout~0 ; |fourBitMultiplier|fourBitFullAdder:cell_7|oneBitFullAdder:cell_2|o_cout~0 ; out0             ;
; |fourBitMultiplier|fourBitFullAdder:cell_7|oneBitFullAdder:cell_2|o_cout~1 ; |fourBitMultiplier|fourBitFullAdder:cell_7|oneBitFullAdder:cell_2|o_cout~1 ; out0             ;
; |fourBitMultiplier|fourBitFullAdder:cell_7|oneBitFullAdder:cell_2|o_cout~2 ; |fourBitMultiplier|fourBitFullAdder:cell_7|oneBitFullAdder:cell_2|o_cout~2 ; out0             ;
; |fourBitMultiplier|fourBitFullAdder:cell_7|oneBitFullAdder:cell_2|o_cout~3 ; |fourBitMultiplier|fourBitFullAdder:cell_7|oneBitFullAdder:cell_2|o_cout~3 ; out0             ;
; |fourBitMultiplier|fourBitFullAdder:cell_7|oneBitFullAdder:cell_2|o_cout   ; |fourBitMultiplier|fourBitFullAdder:cell_7|oneBitFullAdder:cell_2|o_cout   ; out0             ;
; |fourBitMultiplier|fourBitFullAdder:cell_7|oneBitFullAdder:cell_1|o_sum~0  ; |fourBitMultiplier|fourBitFullAdder:cell_7|oneBitFullAdder:cell_1|o_sum~0  ; out0             ;
; |fourBitMultiplier|fourBitFullAdder:cell_7|oneBitFullAdder:cell_1|o_cout~0 ; |fourBitMultiplier|fourBitFullAdder:cell_7|oneBitFullAdder:cell_1|o_cout~0 ; out0             ;
; |fourBitMultiplier|oneAndFourBit:cell_6|o_out[0]                           ; |fourBitMultiplier|oneAndFourBit:cell_6|o_out[0]                           ; out0             ;
; |fourBitMultiplier|oneAndFourBit:cell_6|o_out[1]                           ; |fourBitMultiplier|oneAndFourBit:cell_6|o_out[1]                           ; out0             ;
; |fourBitMultiplier|oneAndFourBit:cell_6|o_out[2]                           ; |fourBitMultiplier|oneAndFourBit:cell_6|o_out[2]                           ; out0             ;
; |fourBitMultiplier|oneAndFourBit:cell_6|o_out[3]                           ; |fourBitMultiplier|oneAndFourBit:cell_6|o_out[3]                           ; out0             ;
; |fourBitMultiplier|fourBitFullAdder:cell_5|oneBitFullAdder:cell_4|o_sum~0  ; |fourBitMultiplier|fourBitFullAdder:cell_5|oneBitFullAdder:cell_4|o_sum~0  ; out0             ;
; |fourBitMultiplier|fourBitFullAdder:cell_5|oneBitFullAdder:cell_4|o_sum    ; |fourBitMultiplier|fourBitFullAdder:cell_5|oneBitFullAdder:cell_4|o_sum    ; out0             ;
; |fourBitMultiplier|fourBitFullAdder:cell_5|oneBitFullAdder:cell_4|o_cout~0 ; |fourBitMultiplier|fourBitFullAdder:cell_5|oneBitFullAdder:cell_4|o_cout~0 ; out0             ;
; |fourBitMultiplier|fourBitFullAdder:cell_5|oneBitFullAdder:cell_4|o_cout~1 ; |fourBitMultiplier|fourBitFullAdder:cell_5|oneBitFullAdder:cell_4|o_cout~1 ; out0             ;
; |fourBitMultiplier|fourBitFullAdder:cell_5|oneBitFullAdder:cell_4|o_cout~2 ; |fourBitMultiplier|fourBitFullAdder:cell_5|oneBitFullAdder:cell_4|o_cout~2 ; out0             ;
; |fourBitMultiplier|fourBitFullAdder:cell_5|oneBitFullAdder:cell_4|o_cout~3 ; |fourBitMultiplier|fourBitFullAdder:cell_5|oneBitFullAdder:cell_4|o_cout~3 ; out0             ;
; |fourBitMultiplier|fourBitFullAdder:cell_5|oneBitFullAdder:cell_4|o_cout   ; |fourBitMultiplier|fourBitFullAdder:cell_5|oneBitFullAdder:cell_4|o_cout   ; out0             ;
; |fourBitMultiplier|fourBitFullAdder:cell_5|oneBitFullAdder:cell_3|o_sum~0  ; |fourBitMultiplier|fourBitFullAdder:cell_5|oneBitFullAdder:cell_3|o_sum~0  ; out0             ;
; |fourBitMultiplier|fourBitFullAdder:cell_5|oneBitFullAdder:cell_3|o_sum    ; |fourBitMultiplier|fourBitFullAdder:cell_5|oneBitFullAdder:cell_3|o_sum    ; out0             ;
; |fourBitMultiplier|fourBitFullAdder:cell_5|oneBitFullAdder:cell_3|o_cout~0 ; |fourBitMultiplier|fourBitFullAdder:cell_5|oneBitFullAdder:cell_3|o_cout~0 ; out0             ;
; |fourBitMultiplier|fourBitFullAdder:cell_5|oneBitFullAdder:cell_3|o_cout~1 ; |fourBitMultiplier|fourBitFullAdder:cell_5|oneBitFullAdder:cell_3|o_cout~1 ; out0             ;
; |fourBitMultiplier|fourBitFullAdder:cell_5|oneBitFullAdder:cell_3|o_cout~2 ; |fourBitMultiplier|fourBitFullAdder:cell_5|oneBitFullAdder:cell_3|o_cout~2 ; out0             ;
; |fourBitMultiplier|fourBitFullAdder:cell_5|oneBitFullAdder:cell_3|o_cout~3 ; |fourBitMultiplier|fourBitFullAdder:cell_5|oneBitFullAdder:cell_3|o_cout~3 ; out0             ;
; |fourBitMultiplier|fourBitFullAdder:cell_5|oneBitFullAdder:cell_3|o_cout   ; |fourBitMultiplier|fourBitFullAdder:cell_5|oneBitFullAdder:cell_3|o_cout   ; out0             ;
; |fourBitMultiplier|fourBitFullAdder:cell_5|oneBitFullAdder:cell_2|o_sum~0  ; |fourBitMultiplier|fourBitFullAdder:cell_5|oneBitFullAdder:cell_2|o_sum~0  ; out0             ;
; |fourBitMultiplier|fourBitFullAdder:cell_5|oneBitFullAdder:cell_2|o_sum    ; |fourBitMultiplier|fourBitFullAdder:cell_5|oneBitFullAdder:cell_2|o_sum    ; out0             ;
; |fourBitMultiplier|fourBitFullAdder:cell_5|oneBitFullAdder:cell_2|o_cout~0 ; |fourBitMultiplier|fourBitFullAdder:cell_5|oneBitFullAdder:cell_2|o_cout~0 ; out0             ;
; |fourBitMultiplier|fourBitFullAdder:cell_5|oneBitFullAdder:cell_2|o_cout~1 ; |fourBitMultiplier|fourBitFullAdder:cell_5|oneBitFullAdder:cell_2|o_cout~1 ; out0             ;
; |fourBitMultiplier|fourBitFullAdder:cell_5|oneBitFullAdder:cell_2|o_cout~2 ; |fourBitMultiplier|fourBitFullAdder:cell_5|oneBitFullAdder:cell_2|o_cout~2 ; out0             ;
; |fourBitMultiplier|fourBitFullAdder:cell_5|oneBitFullAdder:cell_2|o_cout~3 ; |fourBitMultiplier|fourBitFullAdder:cell_5|oneBitFullAdder:cell_2|o_cout~3 ; out0             ;
; |fourBitMultiplier|fourBitFullAdder:cell_5|oneBitFullAdder:cell_2|o_cout   ; |fourBitMultiplier|fourBitFullAdder:cell_5|oneBitFullAdder:cell_2|o_cout   ; out0             ;
; |fourBitMultiplier|fourBitFullAdder:cell_5|oneBitFullAdder:cell_1|o_sum~0  ; |fourBitMultiplier|fourBitFullAdder:cell_5|oneBitFullAdder:cell_1|o_sum~0  ; out0             ;
; |fourBitMultiplier|fourBitFullAdder:cell_5|oneBitFullAdder:cell_1|o_cout~0 ; |fourBitMultiplier|fourBitFullAdder:cell_5|oneBitFullAdder:cell_1|o_cout~0 ; out0             ;
; |fourBitMultiplier|oneAndFourBit:cell_4|o_out[0]                           ; |fourBitMultiplier|oneAndFourBit:cell_4|o_out[0]                           ; out0             ;
; |fourBitMultiplier|oneAndFourBit:cell_4|o_out[1]                           ; |fourBitMultiplier|oneAndFourBit:cell_4|o_out[1]                           ; out0             ;
; |fourBitMultiplier|oneAndFourBit:cell_4|o_out[2]                           ; |fourBitMultiplier|oneAndFourBit:cell_4|o_out[2]                           ; out0             ;
; |fourBitMultiplier|oneAndFourBit:cell_4|o_out[3]                           ; |fourBitMultiplier|oneAndFourBit:cell_4|o_out[3]                           ; out0             ;
; |fourBitMultiplier|fourBitFullAdder:cell_3|oneBitFullAdder:cell_4|o_sum    ; |fourBitMultiplier|fourBitFullAdder:cell_3|oneBitFullAdder:cell_4|o_sum    ; out0             ;
; |fourBitMultiplier|fourBitFullAdder:cell_3|oneBitFullAdder:cell_4|o_cout~3 ; |fourBitMultiplier|fourBitFullAdder:cell_3|oneBitFullAdder:cell_4|o_cout~3 ; out0             ;
; |fourBitMultiplier|fourBitFullAdder:cell_3|oneBitFullAdder:cell_3|o_sum~0  ; |fourBitMultiplier|fourBitFullAdder:cell_3|oneBitFullAdder:cell_3|o_sum~0  ; out0             ;
; |fourBitMultiplier|fourBitFullAdder:cell_3|oneBitFullAdder:cell_3|o_sum    ; |fourBitMultiplier|fourBitFullAdder:cell_3|oneBitFullAdder:cell_3|o_sum    ; out0             ;
; |fourBitMultiplier|fourBitFullAdder:cell_3|oneBitFullAdder:cell_3|o_cout~0 ; |fourBitMultiplier|fourBitFullAdder:cell_3|oneBitFullAdder:cell_3|o_cout~0 ; out0             ;
; |fourBitMultiplier|fourBitFullAdder:cell_3|oneBitFullAdder:cell_3|o_cout~1 ; |fourBitMultiplier|fourBitFullAdder:cell_3|oneBitFullAdder:cell_3|o_cout~1 ; out0             ;
; |fourBitMultiplier|fourBitFullAdder:cell_3|oneBitFullAdder:cell_3|o_cout~2 ; |fourBitMultiplier|fourBitFullAdder:cell_3|oneBitFullAdder:cell_3|o_cout~2 ; out0             ;
; |fourBitMultiplier|fourBitFullAdder:cell_3|oneBitFullAdder:cell_3|o_cout~3 ; |fourBitMultiplier|fourBitFullAdder:cell_3|oneBitFullAdder:cell_3|o_cout~3 ; out0             ;
; |fourBitMultiplier|fourBitFullAdder:cell_3|oneBitFullAdder:cell_3|o_cout   ; |fourBitMultiplier|fourBitFullAdder:cell_3|oneBitFullAdder:cell_3|o_cout   ; out0             ;
; |fourBitMultiplier|fourBitFullAdder:cell_3|oneBitFullAdder:cell_2|o_sum~0  ; |fourBitMultiplier|fourBitFullAdder:cell_3|oneBitFullAdder:cell_2|o_sum~0  ; out0             ;
; |fourBitMultiplier|fourBitFullAdder:cell_3|oneBitFullAdder:cell_2|o_sum    ; |fourBitMultiplier|fourBitFullAdder:cell_3|oneBitFullAdder:cell_2|o_sum    ; out0             ;
; |fourBitMultiplier|fourBitFullAdder:cell_3|oneBitFullAdder:cell_2|o_cout~0 ; |fourBitMultiplier|fourBitFullAdder:cell_3|oneBitFullAdder:cell_2|o_cout~0 ; out0             ;
; |fourBitMultiplier|fourBitFullAdder:cell_3|oneBitFullAdder:cell_2|o_cout~1 ; |fourBitMultiplier|fourBitFullAdder:cell_3|oneBitFullAdder:cell_2|o_cout~1 ; out0             ;
; |fourBitMultiplier|fourBitFullAdder:cell_3|oneBitFullAdder:cell_2|o_cout~2 ; |fourBitMultiplier|fourBitFullAdder:cell_3|oneBitFullAdder:cell_2|o_cout~2 ; out0             ;
; |fourBitMultiplier|fourBitFullAdder:cell_3|oneBitFullAdder:cell_2|o_cout~3 ; |fourBitMultiplier|fourBitFullAdder:cell_3|oneBitFullAdder:cell_2|o_cout~3 ; out0             ;
; |fourBitMultiplier|fourBitFullAdder:cell_3|oneBitFullAdder:cell_2|o_cout   ; |fourBitMultiplier|fourBitFullAdder:cell_3|oneBitFullAdder:cell_2|o_cout   ; out0             ;
; |fourBitMultiplier|fourBitFullAdder:cell_3|oneBitFullAdder:cell_1|o_sum~0  ; |fourBitMultiplier|fourBitFullAdder:cell_3|oneBitFullAdder:cell_1|o_sum~0  ; out0             ;
; |fourBitMultiplier|fourBitFullAdder:cell_3|oneBitFullAdder:cell_1|o_cout~0 ; |fourBitMultiplier|fourBitFullAdder:cell_3|oneBitFullAdder:cell_1|o_cout~0 ; out0             ;
; |fourBitMultiplier|oneAndFourBit:cell_2|o_out[0]                           ; |fourBitMultiplier|oneAndFourBit:cell_2|o_out[0]                           ; out0             ;
; |fourBitMultiplier|oneAndFourBit:cell_2|o_out[1]                           ; |fourBitMultiplier|oneAndFourBit:cell_2|o_out[1]                           ; out0             ;
; |fourBitMultiplier|oneAndFourBit:cell_2|o_out[2]                           ; |fourBitMultiplier|oneAndFourBit:cell_2|o_out[2]                           ; out0             ;
; |fourBitMultiplier|oneAndFourBit:cell_2|o_out[3]                           ; |fourBitMultiplier|oneAndFourBit:cell_2|o_out[3]                           ; out0             ;
; |fourBitMultiplier|oneAndFourBitInitial:cell_1|o_out[0]                    ; |fourBitMultiplier|oneAndFourBitInitial:cell_1|o_out[0]                    ; out0             ;
; |fourBitMultiplier|oneAndFourBitInitial:cell_1|o_out[1]                    ; |fourBitMultiplier|oneAndFourBitInitial:cell_1|o_out[1]                    ; out0             ;
; |fourBitMultiplier|oneAndFourBitInitial:cell_1|o_out[2]                    ; |fourBitMultiplier|oneAndFourBitInitial:cell_1|o_out[2]                    ; out0             ;
; |fourBitMultiplier|oneAndFourBitInitial:cell_1|o_carry                     ; |fourBitMultiplier|oneAndFourBitInitial:cell_1|o_carry                     ; out0             ;
+----------------------------------------------------------------------------+----------------------------------------------------------------------------+------------------+


The following table displays output ports that do not toggle to 0 during simulation.
+----------------------------------------------------------------------------------------------------------------------------------------------------------------------------+
; Missing 0-Value Coverage                                                                                                                                                   ;
+----------------------------------------------------------------------------+----------------------------------------------------------------------------+------------------+
; Node Name                                                                  ; Output Port Name                                                           ; Output Port Type ;
+----------------------------------------------------------------------------+----------------------------------------------------------------------------+------------------+
; |fourBitMultiplier|i_A[0]                                                  ; |fourBitMultiplier|i_A[0]                                                  ; out              ;
; |fourBitMultiplier|i_A[1]                                                  ; |fourBitMultiplier|i_A[1]                                                  ; out              ;
; |fourBitMultiplier|i_A[2]                                                  ; |fourBitMultiplier|i_A[2]                                                  ; out              ;
; |fourBitMultiplier|i_A[3]                                                  ; |fourBitMultiplier|i_A[3]                                                  ; out              ;
; |fourBitMultiplier|i_B[0]                                                  ; |fourBitMultiplier|i_B[0]                                                  ; out              ;
; |fourBitMultiplier|i_B[1]                                                  ; |fourBitMultiplier|i_B[1]                                                  ; out              ;
; |fourBitMultiplier|i_B[2]                                                  ; |fourBitMultiplier|i_B[2]                                                  ; out              ;
; |fourBitMultiplier|i_B[3]                                                  ; |fourBitMultiplier|i_B[3]                                                  ; out              ;
; |fourBitMultiplier|o_product[0]                                            ; |fourBitMultiplier|o_product[0]                                            ; pin_out          ;
; |fourBitMultiplier|o_product[1]                                            ; |fourBitMultiplier|o_product[1]                                            ; pin_out          ;
; |fourBitMultiplier|o_product[2]                                            ; |fourBitMultiplier|o_product[2]                                            ; pin_out          ;
; |fourBitMultiplier|o_product[3]                                            ; |fourBitMultiplier|o_product[3]                                            ; pin_out          ;
; |fourBitMultiplier|o_product[4]                                            ; |fourBitMultiplier|o_product[4]                                            ; pin_out          ;
; |fourBitMultiplier|o_product[5]                                            ; |fourBitMultiplier|o_product[5]                                            ; pin_out          ;
; |fourBitMultiplier|o_product[6]                                            ; |fourBitMultiplier|o_product[6]                                            ; pin_out          ;
; |fourBitMultiplier|o_product[7]                                            ; |fourBitMultiplier|o_product[7]                                            ; pin_out          ;
; |fourBitMultiplier|o_cout                                                  ; |fourBitMultiplier|o_cout                                                  ; pin_out          ;
; |fourBitMultiplier|fourBitFullAdder:cell_7|oneBitFullAdder:cell_4|o_sum~0  ; |fourBitMultiplier|fourBitFullAdder:cell_7|oneBitFullAdder:cell_4|o_sum~0  ; out0             ;
; |fourBitMultiplier|fourBitFullAdder:cell_7|oneBitFullAdder:cell_4|o_sum    ; |fourBitMultiplier|fourBitFullAdder:cell_7|oneBitFullAdder:cell_4|o_sum    ; out0             ;
; |fourBitMultiplier|fourBitFullAdder:cell_7|oneBitFullAdder:cell_4|o_cout~0 ; |fourBitMultiplier|fourBitFullAdder:cell_7|oneBitFullAdder:cell_4|o_cout~0 ; out0             ;
; |fourBitMultiplier|fourBitFullAdder:cell_7|oneBitFullAdder:cell_4|o_cout~1 ; |fourBitMultiplier|fourBitFullAdder:cell_7|oneBitFullAdder:cell_4|o_cout~1 ; out0             ;
; |fourBitMultiplier|fourBitFullAdder:cell_7|oneBitFullAdder:cell_4|o_cout~2 ; |fourBitMultiplier|fourBitFullAdder:cell_7|oneBitFullAdder:cell_4|o_cout~2 ; out0             ;
; |fourBitMultiplier|fourBitFullAdder:cell_7|oneBitFullAdder:cell_4|o_cout~3 ; |fourBitMultiplier|fourBitFullAdder:cell_7|oneBitFullAdder:cell_4|o_cout~3 ; out0             ;
; |fourBitMultiplier|fourBitFullAdder:cell_7|oneBitFullAdder:cell_4|o_cout   ; |fourBitMultiplier|fourBitFullAdder:cell_7|oneBitFullAdder:cell_4|o_cout   ; out0             ;
; |fourBitMultiplier|fourBitFullAdder:cell_7|oneBitFullAdder:cell_3|o_sum~0  ; |fourBitMultiplier|fourBitFullAdder:cell_7|oneBitFullAdder:cell_3|o_sum~0  ; out0             ;
; |fourBitMultiplier|fourBitFullAdder:cell_7|oneBitFullAdder:cell_3|o_sum    ; |fourBitMultiplier|fourBitFullAdder:cell_7|oneBitFullAdder:cell_3|o_sum    ; out0             ;
; |fourBitMultiplier|fourBitFullAdder:cell_7|oneBitFullAdder:cell_3|o_cout~0 ; |fourBitMultiplier|fourBitFullAdder:cell_7|oneBitFullAdder:cell_3|o_cout~0 ; out0             ;
; |fourBitMultiplier|fourBitFullAdder:cell_7|oneBitFullAdder:cell_3|o_cout~1 ; |fourBitMultiplier|fourBitFullAdder:cell_7|oneBitFullAdder:cell_3|o_cout~1 ; out0             ;
; |fourBitMultiplier|fourBitFullAdder:cell_7|oneBitFullAdder:cell_3|o_cout~2 ; |fourBitMultiplier|fourBitFullAdder:cell_7|oneBitFullAdder:cell_3|o_cout~2 ; out0             ;
; |fourBitMultiplier|fourBitFullAdder:cell_7|oneBitFullAdder:cell_3|o_cout~3 ; |fourBitMultiplier|fourBitFullAdder:cell_7|oneBitFullAdder:cell_3|o_cout~3 ; out0             ;
; |fourBitMultiplier|fourBitFullAdder:cell_7|oneBitFullAdder:cell_3|o_cout   ; |fourBitMultiplier|fourBitFullAdder:cell_7|oneBitFullAdder:cell_3|o_cout   ; out0             ;
; |fourBitMultiplier|fourBitFullAdder:cell_7|oneBitFullAdder:cell_2|o_sum~0  ; |fourBitMultiplier|fourBitFullAdder:cell_7|oneBitFullAdder:cell_2|o_sum~0  ; out0             ;
; |fourBitMultiplier|fourBitFullAdder:cell_7|oneBitFullAdder:cell_2|o_sum    ; |fourBitMultiplier|fourBitFullAdder:cell_7|oneBitFullAdder:cell_2|o_sum    ; out0             ;
; |fourBitMultiplier|fourBitFullAdder:cell_7|oneBitFullAdder:cell_2|o_cout~0 ; |fourBitMultiplier|fourBitFullAdder:cell_7|oneBitFullAdder:cell_2|o_cout~0 ; out0             ;
; |fourBitMultiplier|fourBitFullAdder:cell_7|oneBitFullAdder:cell_2|o_cout~1 ; |fourBitMultiplier|fourBitFullAdder:cell_7|oneBitFullAdder:cell_2|o_cout~1 ; out0             ;
; |fourBitMultiplier|fourBitFullAdder:cell_7|oneBitFullAdder:cell_2|o_cout~2 ; |fourBitMultiplier|fourBitFullAdder:cell_7|oneBitFullAdder:cell_2|o_cout~2 ; out0             ;
; |fourBitMultiplier|fourBitFullAdder:cell_7|oneBitFullAdder:cell_2|o_cout~3 ; |fourBitMultiplier|fourBitFullAdder:cell_7|oneBitFullAdder:cell_2|o_cout~3 ; out0             ;
; |fourBitMultiplier|fourBitFullAdder:cell_7|oneBitFullAdder:cell_2|o_cout   ; |fourBitMultiplier|fourBitFullAdder:cell_7|oneBitFullAdder:cell_2|o_cout   ; out0             ;
; |fourBitMultiplier|fourBitFullAdder:cell_7|oneBitFullAdder:cell_1|o_sum~0  ; |fourBitMultiplier|fourBitFullAdder:cell_7|oneBitFullAdder:cell_1|o_sum~0  ; out0             ;
; |fourBitMultiplier|fourBitFullAdder:cell_7|oneBitFullAdder:cell_1|o_cout~0 ; |fourBitMultiplier|fourBitFullAdder:cell_7|oneBitFullAdder:cell_1|o_cout~0 ; out0             ;
; |fourBitMultiplier|oneAndFourBit:cell_6|o_out[0]                           ; |fourBitMultiplier|oneAndFourBit:cell_6|o_out[0]                           ; out0             ;
; |fourBitMultiplier|oneAndFourBit:cell_6|o_out[1]                           ; |fourBitMultiplier|oneAndFourBit:cell_6|o_out[1]                           ; out0             ;
; |fourBitMultiplier|oneAndFourBit:cell_6|o_out[2]                           ; |fourBitMultiplier|oneAndFourBit:cell_6|o_out[2]                           ; out0             ;
; |fourBitMultiplier|oneAndFourBit:cell_6|o_out[3]                           ; |fourBitMultiplier|oneAndFourBit:cell_6|o_out[3]                           ; out0             ;
; |fourBitMultiplier|fourBitFullAdder:cell_5|oneBitFullAdder:cell_4|o_sum~0  ; |fourBitMultiplier|fourBitFullAdder:cell_5|oneBitFullAdder:cell_4|o_sum~0  ; out0             ;
; |fourBitMultiplier|fourBitFullAdder:cell_5|oneBitFullAdder:cell_4|o_sum    ; |fourBitMultiplier|fourBitFullAdder:cell_5|oneBitFullAdder:cell_4|o_sum    ; out0             ;
; |fourBitMultiplier|fourBitFullAdder:cell_5|oneBitFullAdder:cell_4|o_cout~0 ; |fourBitMultiplier|fourBitFullAdder:cell_5|oneBitFullAdder:cell_4|o_cout~0 ; out0             ;
; |fourBitMultiplier|fourBitFullAdder:cell_5|oneBitFullAdder:cell_4|o_cout~1 ; |fourBitMultiplier|fourBitFullAdder:cell_5|oneBitFullAdder:cell_4|o_cout~1 ; out0             ;
; |fourBitMultiplier|fourBitFullAdder:cell_5|oneBitFullAdder:cell_4|o_cout~2 ; |fourBitMultiplier|fourBitFullAdder:cell_5|oneBitFullAdder:cell_4|o_cout~2 ; out0             ;
; |fourBitMultiplier|fourBitFullAdder:cell_5|oneBitFullAdder:cell_4|o_cout~3 ; |fourBitMultiplier|fourBitFullAdder:cell_5|oneBitFullAdder:cell_4|o_cout~3 ; out0             ;
; |fourBitMultiplier|fourBitFullAdder:cell_5|oneBitFullAdder:cell_4|o_cout   ; |fourBitMultiplier|fourBitFullAdder:cell_5|oneBitFullAdder:cell_4|o_cout   ; out0             ;
; |fourBitMultiplier|fourBitFullAdder:cell_5|oneBitFullAdder:cell_3|o_sum~0  ; |fourBitMultiplier|fourBitFullAdder:cell_5|oneBitFullAdder:cell_3|o_sum~0  ; out0             ;
; |fourBitMultiplier|fourBitFullAdder:cell_5|oneBitFullAdder:cell_3|o_sum    ; |fourBitMultiplier|fourBitFullAdder:cell_5|oneBitFullAdder:cell_3|o_sum    ; out0             ;
; |fourBitMultiplier|fourBitFullAdder:cell_5|oneBitFullAdder:cell_3|o_cout~0 ; |fourBitMultiplier|fourBitFullAdder:cell_5|oneBitFullAdder:cell_3|o_cout~0 ; out0             ;
; |fourBitMultiplier|fourBitFullAdder:cell_5|oneBitFullAdder:cell_3|o_cout~1 ; |fourBitMultiplier|fourBitFullAdder:cell_5|oneBitFullAdder:cell_3|o_cout~1 ; out0             ;
; |fourBitMultiplier|fourBitFullAdder:cell_5|oneBitFullAdder:cell_3|o_cout~2 ; |fourBitMultiplier|fourBitFullAdder:cell_5|oneBitFullAdder:cell_3|o_cout~2 ; out0             ;
; |fourBitMultiplier|fourBitFullAdder:cell_5|oneBitFullAdder:cell_3|o_cout~3 ; |fourBitMultiplier|fourBitFullAdder:cell_5|oneBitFullAdder:cell_3|o_cout~3 ; out0             ;
; |fourBitMultiplier|fourBitFullAdder:cell_5|oneBitFullAdder:cell_3|o_cout   ; |fourBitMultiplier|fourBitFullAdder:cell_5|oneBitFullAdder:cell_3|o_cout   ; out0             ;
; |fourBitMultiplier|fourBitFullAdder:cell_5|oneBitFullAdder:cell_2|o_sum~0  ; |fourBitMultiplier|fourBitFullAdder:cell_5|oneBitFullAdder:cell_2|o_sum~0  ; out0             ;
; |fourBitMultiplier|fourBitFullAdder:cell_5|oneBitFullAdder:cell_2|o_sum    ; |fourBitMultiplier|fourBitFullAdder:cell_5|oneBitFullAdder:cell_2|o_sum    ; out0             ;
; |fourBitMultiplier|fourBitFullAdder:cell_5|oneBitFullAdder:cell_2|o_cout~0 ; |fourBitMultiplier|fourBitFullAdder:cell_5|oneBitFullAdder:cell_2|o_cout~0 ; out0             ;
; |fourBitMultiplier|fourBitFullAdder:cell_5|oneBitFullAdder:cell_2|o_cout~1 ; |fourBitMultiplier|fourBitFullAdder:cell_5|oneBitFullAdder:cell_2|o_cout~1 ; out0             ;
; |fourBitMultiplier|fourBitFullAdder:cell_5|oneBitFullAdder:cell_2|o_cout~2 ; |fourBitMultiplier|fourBitFullAdder:cell_5|oneBitFullAdder:cell_2|o_cout~2 ; out0             ;
; |fourBitMultiplier|fourBitFullAdder:cell_5|oneBitFullAdder:cell_2|o_cout~3 ; |fourBitMultiplier|fourBitFullAdder:cell_5|oneBitFullAdder:cell_2|o_cout~3 ; out0             ;
; |fourBitMultiplier|fourBitFullAdder:cell_5|oneBitFullAdder:cell_2|o_cout   ; |fourBitMultiplier|fourBitFullAdder:cell_5|oneBitFullAdder:cell_2|o_cout   ; out0             ;
; |fourBitMultiplier|fourBitFullAdder:cell_5|oneBitFullAdder:cell_1|o_sum~0  ; |fourBitMultiplier|fourBitFullAdder:cell_5|oneBitFullAdder:cell_1|o_sum~0  ; out0             ;
; |fourBitMultiplier|fourBitFullAdder:cell_5|oneBitFullAdder:cell_1|o_cout~0 ; |fourBitMultiplier|fourBitFullAdder:cell_5|oneBitFullAdder:cell_1|o_cout~0 ; out0             ;
; |fourBitMultiplier|oneAndFourBit:cell_4|o_out[0]                           ; |fourBitMultiplier|oneAndFourBit:cell_4|o_out[0]                           ; out0             ;
; |fourBitMultiplier|oneAndFourBit:cell_4|o_out[1]                           ; |fourBitMultiplier|oneAndFourBit:cell_4|o_out[1]                           ; out0             ;
; |fourBitMultiplier|oneAndFourBit:cell_4|o_out[2]                           ; |fourBitMultiplier|oneAndFourBit:cell_4|o_out[2]                           ; out0             ;
; |fourBitMultiplier|oneAndFourBit:cell_4|o_out[3]                           ; |fourBitMultiplier|oneAndFourBit:cell_4|o_out[3]                           ; out0             ;
; |fourBitMultiplier|fourBitFullAdder:cell_3|oneBitFullAdder:cell_4|o_sum    ; |fourBitMultiplier|fourBitFullAdder:cell_3|oneBitFullAdder:cell_4|o_sum    ; out0             ;
; |fourBitMultiplier|fourBitFullAdder:cell_3|oneBitFullAdder:cell_4|o_cout~3 ; |fourBitMultiplier|fourBitFullAdder:cell_3|oneBitFullAdder:cell_4|o_cout~3 ; out0             ;
; |fourBitMultiplier|fourBitFullAdder:cell_3|oneBitFullAdder:cell_3|o_sum~0  ; |fourBitMultiplier|fourBitFullAdder:cell_3|oneBitFullAdder:cell_3|o_sum~0  ; out0             ;
; |fourBitMultiplier|fourBitFullAdder:cell_3|oneBitFullAdder:cell_3|o_sum    ; |fourBitMultiplier|fourBitFullAdder:cell_3|oneBitFullAdder:cell_3|o_sum    ; out0             ;
; |fourBitMultiplier|fourBitFullAdder:cell_3|oneBitFullAdder:cell_3|o_cout~0 ; |fourBitMultiplier|fourBitFullAdder:cell_3|oneBitFullAdder:cell_3|o_cout~0 ; out0             ;
; |fourBitMultiplier|fourBitFullAdder:cell_3|oneBitFullAdder:cell_3|o_cout~1 ; |fourBitMultiplier|fourBitFullAdder:cell_3|oneBitFullAdder:cell_3|o_cout~1 ; out0             ;
; |fourBitMultiplier|fourBitFullAdder:cell_3|oneBitFullAdder:cell_3|o_cout~2 ; |fourBitMultiplier|fourBitFullAdder:cell_3|oneBitFullAdder:cell_3|o_cout~2 ; out0             ;
; |fourBitMultiplier|fourBitFullAdder:cell_3|oneBitFullAdder:cell_3|o_cout~3 ; |fourBitMultiplier|fourBitFullAdder:cell_3|oneBitFullAdder:cell_3|o_cout~3 ; out0             ;
; |fourBitMultiplier|fourBitFullAdder:cell_3|oneBitFullAdder:cell_3|o_cout   ; |fourBitMultiplier|fourBitFullAdder:cell_3|oneBitFullAdder:cell_3|o_cout   ; out0             ;
; |fourBitMultiplier|fourBitFullAdder:cell_3|oneBitFullAdder:cell_2|o_sum~0  ; |fourBitMultiplier|fourBitFullAdder:cell_3|oneBitFullAdder:cell_2|o_sum~0  ; out0             ;
; |fourBitMultiplier|fourBitFullAdder:cell_3|oneBitFullAdder:cell_2|o_sum    ; |fourBitMultiplier|fourBitFullAdder:cell_3|oneBitFullAdder:cell_2|o_sum    ; out0             ;
; |fourBitMultiplier|fourBitFullAdder:cell_3|oneBitFullAdder:cell_2|o_cout~0 ; |fourBitMultiplier|fourBitFullAdder:cell_3|oneBitFullAdder:cell_2|o_cout~0 ; out0             ;
; |fourBitMultiplier|fourBitFullAdder:cell_3|oneBitFullAdder:cell_2|o_cout~1 ; |fourBitMultiplier|fourBitFullAdder:cell_3|oneBitFullAdder:cell_2|o_cout~1 ; out0             ;
; |fourBitMultiplier|fourBitFullAdder:cell_3|oneBitFullAdder:cell_2|o_cout~2 ; |fourBitMultiplier|fourBitFullAdder:cell_3|oneBitFullAdder:cell_2|o_cout~2 ; out0             ;
; |fourBitMultiplier|fourBitFullAdder:cell_3|oneBitFullAdder:cell_2|o_cout~3 ; |fourBitMultiplier|fourBitFullAdder:cell_3|oneBitFullAdder:cell_2|o_cout~3 ; out0             ;
; |fourBitMultiplier|fourBitFullAdder:cell_3|oneBitFullAdder:cell_2|o_cout   ; |fourBitMultiplier|fourBitFullAdder:cell_3|oneBitFullAdder:cell_2|o_cout   ; out0             ;
; |fourBitMultiplier|fourBitFullAdder:cell_3|oneBitFullAdder:cell_1|o_sum~0  ; |fourBitMultiplier|fourBitFullAdder:cell_3|oneBitFullAdder:cell_1|o_sum~0  ; out0             ;
; |fourBitMultiplier|fourBitFullAdder:cell_3|oneBitFullAdder:cell_1|o_cout~0 ; |fourBitMultiplier|fourBitFullAdder:cell_3|oneBitFullAdder:cell_1|o_cout~0 ; out0             ;
; |fourBitMultiplier|oneAndFourBit:cell_2|o_out[0]                           ; |fourBitMultiplier|oneAndFourBit:cell_2|o_out[0]                           ; out0             ;
; |fourBitMultiplier|oneAndFourBit:cell_2|o_out[1]                           ; |fourBitMultiplier|oneAndFourBit:cell_2|o_out[1]                           ; out0             ;
; |fourBitMultiplier|oneAndFourBit:cell_2|o_out[2]                           ; |fourBitMultiplier|oneAndFourBit:cell_2|o_out[2]                           ; out0             ;
; |fourBitMultiplier|oneAndFourBit:cell_2|o_out[3]                           ; |fourBitMultiplier|oneAndFourBit:cell_2|o_out[3]                           ; out0             ;
; |fourBitMultiplier|oneAndFourBitInitial:cell_1|o_out[0]                    ; |fourBitMultiplier|oneAndFourBitInitial:cell_1|o_out[0]                    ; out0             ;
; |fourBitMultiplier|oneAndFourBitInitial:cell_1|o_out[1]                    ; |fourBitMultiplier|oneAndFourBitInitial:cell_1|o_out[1]                    ; out0             ;
; |fourBitMultiplier|oneAndFourBitInitial:cell_1|o_out[2]                    ; |fourBitMultiplier|oneAndFourBitInitial:cell_1|o_out[2]                    ; out0             ;
; |fourBitMultiplier|oneAndFourBitInitial:cell_1|o_carry                     ; |fourBitMultiplier|oneAndFourBitInitial:cell_1|o_carry                     ; out0             ;
+----------------------------------------------------------------------------+----------------------------------------------------------------------------+------------------+


+---------------------+
; Simulator INI Usage ;
+--------+------------+
; Option ; Usage      ;
+--------+------------+


+--------------------+
; Simulator Messages ;
+--------------------+
Info: *******************************************************************
Info: Running Quartus II 64-Bit Simulator
    Info: Version 13.0.1 Build 232 06/12/2013 Service Pack 1 SJ Web Edition
    Info: Processing started: Mon Nov 01 20:26:14 2021
Info: Command: quartus_sim --simulation_results_format=VWF Lab2_Adder -c Lab2_Adder_qsim
Info (324025): Using vector source file "C:/Users/abila/CEG3155_Lab2_Adder/Waveformproduct.vwf"
Info (310003): Option to preserve fewer signal transitions to reduce memory requirements is enabled
    Info (310004): Simulation has been partitioned into sub-simulations according to the maximum transition count determined by the engine. Transitions from memory will be flushed out to disk at the end of each sub-simulation to reduce memory requirements.
Info (310002): Simulation partitioned into 1 sub-simulations
Info (328053): Simulation coverage is       0.00 %
Info (328052): Number of transitions in simulation is 0
Info (324045): Vector file Lab2_Adder_qsim.sim.vwf is saved in VWF text format. You can compress it into CVWF format in order to reduce file size. For more details please refer to the Quartus II Help.
Info: Quartus II 64-Bit Simulator was successful. 0 errors, 0 warnings
    Info: Peak virtual memory: 4445 megabytes
    Info: Processing ended: Mon Nov 01 20:26:14 2021
    Info: Elapsed time: 00:00:00
    Info: Total CPU time (on all processors): 00:00:00


